<?xml version="1.0" encoding="UTF-8"?>
<!-- Generated by org.testng.reporters.JUnitXMLReporter -->
<testsuite ignored="2" hostname="SonakshiKukreja" failures="0" tests="1" name="Surefire test" time="15.561" errors="0" timestamp="2026-01-19T20:37:45 IST">
  <testcase classname="com.auto.framework.ElementTests" name="whenPageLoads_thenDisplayCorrectTitle" time="8.934"/>
  <testcase classname="com.auto.framework.ElementTests" name="whenSelectRadioButton_thenDisplaySelectedValue" time="0.0">
    <ignored/>
  </testcase> <!-- whenSelectRadioButton_thenDisplaySelectedValue -->
  <testcase classname="com.auto.framework.ElementTests" name="whenSubmitTextBoxFormWithValidData_thenDisplayCorrectOutput" time="0.0">
    <ignored/>
  </testcase> <!-- whenSubmitTextBoxFormWithValidData_thenDisplayCorrectOutput -->
</testsuite> <!-- Surefire test -->
