<?xml version="1.0" encoding="UTF-8"?>
<testsuite xmlns:xsi="http://www.w3.org/2001/XMLSchema-instance" xsi:noNamespaceSchemaLocation="https://maven.apache.org/surefire/maven-surefire-plugin/xsd/surefire-test-report.xsd" version="3.0.2" name="com.auto.framework.ElementTests" time="20.121" tests="1" errors="0" skipped="0" failures="0">
  <properties>
[...]
</properties>
  <testcase name="whenPageLoads_thenDisplayCorrectTitle" classname="com.auto.framework.ElementTests" time="8.991">
    <system-out><![CDATA[20:37:28.360 [main] INFO org.springframework.test.context.support.AnnotationConfigContextLoaderUtils -- Could not detect default configuration classes for test class [com.auto.framework.ElementTests]: ElementTests does not declare any static, non-private, non-final, nested classes annotated with @Configuration.
20:37:28.863 [main] INFO org.springframework.boot.test.context.SpringBootTestContextBootstrapper -- Found @SpringBootConfiguration com.auto.framework.SpringAutoFrameworkApplication for test class com.auto.framework.ElementTests

  .   ____          _            __ _ _
 /\\ / ___'_ __ _ _(_)_ __  __ _ \ \ \ \
( ( )\___ | '_ | '_| | '_ \/ _` | \ \ \ \
 \\/  ___)| |_)| | | | | || (_| |  ) ) ) )
  '  |____| .__|_| |_|_| |_\__, | / / / /
 =========|_|==============|___/=/_/_/_/

 :: Spring Boot ::                (v3.5.9)

2026-01-19T20:37:30.865+05:30  INFO 15428 --- [           main] com.auto.framework.ElementTests          : Starting ElementTests using Java 17.0.12 with PID 15428 (C:\Workspaces\SpringBootTestAutomationFramework\target\test-classes started by Sonakshi Kukreja in C:\Workspaces\SpringBootTestAutomationFramework)
2026-01-19T20:37:30.868+05:30  INFO 15428 --- [           main] com.auto.framework.ElementTests          : No active profile set, falling back to 1 default profile: "default"
2026-01-19T20:37:32.890+05:30  INFO 15428 --- [           main] com.auto.framework.ElementTests          : Started ElementTests in 2.942 seconds (process running for 9.006)
2026-01-19T20:37:34.800+05:30  INFO 15428 --- [           main] c.auto.framework.listeners.TestListener  : Started: whenPageLoads_thenDisplayCorrectTitle
2026-01-19T20:37:34.904+05:30  INFO 15428 --- [           main] com.auto.framework.actions.UIElements    : Loading https://demoqa.com/elements
2026-01-19T20:37:34.908+05:30  INFO 15428 --- [           main] c.auto.framework.config.WebDriverConfig  : Creating Driver
2026-01-19T20:37:35.489+05:30  INFO 15428 --- [           main] i.g.bonigarcia.wdm.WebDriverManager      : Using chromedriver 144.0.7559.31 (resolved driver for Chrome 144)
2026-01-19T20:37:35.536+05:30  INFO 15428 --- [           main] i.g.bonigarcia.wdm.WebDriverManager      : Exporting webdriver.chrome.driver as C:\Users\Admin\.cache\selenium\chromedriver\win64\144.0.7559.31\chromedriver.exe
2026-01-19T20:37:39.429+05:30  WARN 15428 --- [           main] o.o.selenium.devtools.CdpVersionFinder   : Unable to find CDP implementation matching 144
2026-01-19T20:37:39.430+05:30  WARN 15428 --- [           main] o.o.selenium.chromium.ChromiumDriver     : Unable to find version of CDP to use for 144.0.7559.59. You may need to include a dependency on a specific version of the CDP using something similar to `org.seleniumhq.selenium:selenium-devtools-v86:4.12.1` where the version ("v86") matches the version of the chromium-based browser you're using and the version number of the artifact is the same as Selenium's.
2026-01-19T20:37:39.466+05:30  WARN 15428 --- [           main] o.s.context.support.SimpleThreadScope    : SimpleThreadScope does not support destruction callbacks. Consider using RequestScope in a web environment.
]]></system-out>
  </testcase>
</testsuite>